Starting audit...
[ERROR] C:\Users\Alex\Documents\GitHub\Homework-OOP\tema\.\src\actions\queries\QueryBuilder.java:23:30: Parameter result should be final. [FinalParameters]
[ERROR] C:\Users\Alex\Documents\GitHub\Homework-OOP\tema\.\src\actions\queries\QueryBuilder.java:98:31: Parameter result should be final. [FinalParameters]
Audit done.
Checkstyle ends with 2 errors.
